============================================================
  Generated by:           Genus(TM) Synthesis Solution 19.14-s108_1
  Generated on:           May 03 2025  02:52:50 pm
  Module:                 MSDAP
  Operating conditions:   PVT_0P63V_100C 
  Interconnect mode:      global
  Area mode:              physical library
============================================================

  Instance        Module      Cell Count  Cell Area  Net Area   Total Area 
---------------------------------------------------------------------------
MSDAP                               2176  23871.029  1879.077    25750.106 
  Co_mem_R   CO_MEM_1                 67   5969.261    63.828     6033.089 
  Co_mem_L   CO_MEM                   67   5969.261    63.828     6033.089 
  Data_mem_R DATA_MEM_1               87   3874.453    56.718     3931.170 
  Data_mem_L DATA_MEM                 87   3874.453    56.718     3931.170 
  alu_ctrl   alu_controller          585   1069.356   387.765     1457.121 
  main_ctrl  main_controller         292    561.505   221.487      782.992 
  PISOR      PISO_1                  241    469.126   184.080      653.206 
  PISOL      PISO                    241    469.126   184.080      653.206 
  pipo       PIPO                    106    339.189    50.963      390.152 
  shiftR     shifter_1                88    271.538    48.239      319.777 
  shiftL     shifter                  88    271.538    48.239      319.777 
  addR       adder_1                 102    183.125    52.996      236.121 
  addL       adder                   102    183.125    52.996      236.121 
  R_mem_R    R_MEM_1                  11    182.287     7.174      189.462 
  R_mem_L    R_MEM                    11    182.287     7.174      189.462 
