============================================================
  Generated by:           Genus(TM) Synthesis Solution 19.14-s108_1
  Generated on:           May 03 2025  02:52:49 pm
  Module:                 MSDAP
  Operating conditions:   PVT_0P63V_100C 
  Interconnect mode:      global
  Area mode:              physical library
============================================================


Path 1: MET (15440 ps) Setup Check with Pin shiftR/tempreg_reg[38]/CLK->D
           View: PVT_0P63V_100C.setup_view
          Group: Sclk
     Startpoint: (R) Data_mem_R/mem_0_0/CE
          Clock: (R) Sclk
       Endpoint: (F) shiftR/tempreg_reg[38]/D
          Clock: (F) Sclk

                     Capture       Launch     
        Clock Edge:+   16667            0     
       Src Latency:+       0            0     
       Net Latency:+       0 (I)        0 (I) 
           Arrival:=   16667            0     
                                              
             Setup:-      21                  
       Uncertainty:-     100                  
     Required Time:=   16546                  
      Launch Clock:-       0                  
         Data Path:-    1105                  
             Slack:=   15440                  

#-------------------------------------------------------------------------------------------------------------------------------
#             Timing Point              Flags     Arc    Edge          Cell            Fanout Load Trans Delay Arrival Instance 
#                                                                                             (fF)  (ps)  (ps)   (ps)  Location 
#-------------------------------------------------------------------------------------------------------------------------------
  Data_mem_R/mem_0_0/CE                 -       -        R     (arrival)                  354    -     0     -       0    (-,-) 
  Data_mem_R/mem_0_0/O[0]               (P)     CE->O[0] R     SRAM1RW256x8                 1  0.8    13   129     129    (-,-) 
  Data_mem_R/g1509__5526/Y              -       B->Y     R     AND2x2_ASAP7_75t_SL          1  1.3    18    20     149    (-,-) 
  addR/sub_6_75_Y_add_6_39_g921__5107/Y -       A->Y     R     XOR2xp5_ASAP7_75t_SL         2  2.6    94    38     187    (-,-) 
  addR/sub_6_75_Y_add_6_39_g912__9315/Y -       B->Y     F     MAJIxp5_ASAP7_75t_SL         2  1.9    86    32     219    (-,-) 
  addR/sub_6_75_Y_add_6_39_g899/Y       -       A->Y     R     INVxp67_ASAP7_75t_SL         1  1.3    44    27     246    (-,-) 
  addR/sub_6_75_Y_add_6_39_g886__2346/Y -       C->Y     F     MAJIxp5_ASAP7_75t_SL         2  2.5    62    25     271    (-,-) 
  addR/sub_6_75_Y_add_6_39_g883__9315/Y -       C->Y     R     MAJIxp5_ASAP7_75t_SL         2  2.5    77    38     309    (-,-) 
  addR/sub_6_75_Y_add_6_39_g880__4733/Y -       C->Y     F     MAJIxp5_ASAP7_75t_SL         2  2.5    62    27     336    (-,-) 
  addR/sub_6_75_Y_add_6_39_g878__7482/Y -       C->Y     R     MAJIxp5_ASAP7_75t_SL         2  2.1    70    34     371    (-,-) 
  addR/sub_6_75_Y_add_6_39_g875__1881/Y -       A->Y     F     MAJIxp5_ASAP7_75t_SL         2  2.1    58    29     399    (-,-) 
  addR/sub_6_75_Y_add_6_39_g873__6131/Y -       A->Y     R     MAJIxp5_ASAP7_75t_SL         2  2.1    70    36     436    (-,-) 
  addR/sub_6_75_Y_add_6_39_g870__8246/Y -       A->Y     F     MAJIxp5_ASAP7_75t_SL         2  2.1    58    29     464    (-,-) 
  addR/sub_6_75_Y_add_6_39_g868__5122/Y -       A->Y     R     MAJIxp5_ASAP7_75t_SL         2  2.1    70    36     501    (-,-) 
  addR/sub_6_75_Y_add_6_39_g865__2802/Y -       A->Y     F     MAJIxp5_ASAP7_75t_SL         2  2.1    58    29     530    (-,-) 
  addR/sub_6_75_Y_add_6_39_g863__1617/Y -       A->Y     R     MAJIxp5_ASAP7_75t_SL         2  2.1    70    36     566    (-,-) 
  addR/sub_6_75_Y_add_6_39_g860__6783/Y -       A->Y     F     MAJIxp5_ASAP7_75t_SL         2  2.1    58    29     595    (-,-) 
  addR/sub_6_75_Y_add_6_39_g858__5526/Y -       A->Y     R     MAJIxp5_ASAP7_75t_SL         2  2.1    70    36     631    (-,-) 
  addR/sub_6_75_Y_add_6_39_g855__4319/Y -       A->Y     F     MAJIxp5_ASAP7_75t_SL         2  2.1    58    29     660    (-,-) 
  addR/sub_6_75_Y_add_6_39_g853__6260/Y -       A->Y     R     MAJIxp5_ASAP7_75t_SL         2  2.1    70    36     696    (-,-) 
  addR/sub_6_75_Y_add_6_39_g850__2398/Y -       A->Y     F     MAJIxp5_ASAP7_75t_SL         2  1.9    90    27     723    (-,-) 
  addR/sub_6_75_Y_add_6_39_g849/Y       -       A->Y     R     INVxp67_ASAP7_75t_SL         1  0.9    39    23     746    (-,-) 
  addR/sub_6_75_Y_add_6_39_g847__5477/Y -       A->Y     F     MAJIxp5_ASAP7_75t_SL         2  1.9    90    24     770    (-,-) 
  addR/sub_6_75_Y_add_6_39_g846/Y       -       A->Y     R     INVxp67_ASAP7_75t_SL         1  0.9    39    23     793    (-,-) 
  addR/sub_6_75_Y_add_6_39_g844__7410/Y -       A->Y     F     MAJIxp5_ASAP7_75t_SL         2  1.9    90    24     817    (-,-) 
  addR/sub_6_75_Y_add_6_39_g843/Y       -       A->Y     R     INVxp67_ASAP7_75t_SL         1  0.9    39    23     840    (-,-) 
  addR/sub_6_75_Y_add_6_39_g841__2346/Y -       A->Y     F     MAJIxp5_ASAP7_75t_SL         2  1.9    90    24     864    (-,-) 
  addR/sub_6_75_Y_add_6_39_g840/Y       -       A->Y     R     INVxp67_ASAP7_75t_SL         1  0.9    39    23     887    (-,-) 
  addR/sub_6_75_Y_add_6_39_g838__9945/Y -       A->Y     F     MAJIxp5_ASAP7_75t_SL         2  1.9    90    24     911    (-,-) 
  addR/sub_6_75_Y_add_6_39_g837/Y       -       A->Y     R     INVxp67_ASAP7_75t_SL         1  0.9    39    23     934    (-,-) 
  addR/sub_6_75_Y_add_6_39_g835__6161/Y -       A->Y     F     MAJIxp5_ASAP7_75t_SL         2  1.9    90    24     957    (-,-) 
  addR/sub_6_75_Y_add_6_39_g834/Y       -       A->Y     R     INVxp67_ASAP7_75t_SL         1  0.9    39    23     980    (-,-) 
  addR/sub_6_75_Y_add_6_39_g832__7482/Y -       A->Y     F     MAJIxp5_ASAP7_75t_SL         2  1.9    90    24    1004    (-,-) 
  addR/sub_6_75_Y_add_6_39_g831/Y       -       A->Y     R     INVxp67_ASAP7_75t_SL         1  0.9    39    23    1027    (-,-) 
  addR/sub_6_75_Y_add_6_39_g829__1881/Y -       A->Y     F     MAJIxp5_ASAP7_75t_SL         1  1.3    82    20    1047    (-,-) 
  addR/sub_6_75_Y_add_6_39_g827__7098/Y -       B->Y     R     XNOR2xp5_ASAP7_75t_SL        2  1.6    61    37    1084    (-,-) 
  shiftR/g1827/Y                        -       A2->Y    F     AOI222xp33_ASAP7_75t_SL      1  0.9    65    21    1105    (-,-) 
  shiftR/tempreg_reg[38]/D              -       -        F     DFFLQNx1_ASAP7_75t_SL        1    -     -     0    1105    (-,-) 
#-------------------------------------------------------------------------------------------------------------------------------

(P) : Instance is preserved



Path 2: MET (15440 ps) Setup Check with Pin shiftL/tempreg_reg[38]/CLK->D
           View: PVT_0P63V_100C.setup_view
          Group: Sclk
     Startpoint: (R) Data_mem_L/mem_0_0/CE
          Clock: (R) Sclk
       Endpoint: (F) shiftL/tempreg_reg[38]/D
          Clock: (F) Sclk

                     Capture       Launch     
        Clock Edge:+   16667            0     
       Src Latency:+       0            0     
       Net Latency:+       0 (I)        0 (I) 
           Arrival:=   16667            0     
                                              
             Setup:-      21                  
       Uncertainty:-     100                  
     Required Time:=   16546                  
      Launch Clock:-       0                  
         Data Path:-    1105                  
             Slack:=   15440                  

#-------------------------------------------------------------------------------------------------------------------------------
#             Timing Point              Flags     Arc    Edge          Cell            Fanout Load Trans Delay Arrival Instance 
#                                                                                             (fF)  (ps)  (ps)   (ps)  Location 
#-------------------------------------------------------------------------------------------------------------------------------
  Data_mem_L/mem_0_0/CE                 -       -        R     (arrival)                  354    -     0     -       0    (-,-) 
  Data_mem_L/mem_0_0/O[0]               (P)     CE->O[0] R     SRAM1RW256x8                 1  0.8    13   129     129    (-,-) 
  Data_mem_L/g1509__5477/Y              -       B->Y     R     AND2x2_ASAP7_75t_SL          1  1.3    18    20     149    (-,-) 
  addL/sub_6_75_Y_add_6_39_g921__6417/Y -       A->Y     R     XOR2xp5_ASAP7_75t_SL         2  2.6    94    38     187    (-,-) 
  addL/sub_6_75_Y_add_6_39_g912__7482/Y -       B->Y     F     MAJIxp5_ASAP7_75t_SL         2  1.9    86    32     219    (-,-) 
  addL/sub_6_75_Y_add_6_39_g899/Y       -       A->Y     R     INVxp67_ASAP7_75t_SL         1  1.3    44    27     246    (-,-) 
  addL/sub_6_75_Y_add_6_39_g886__9315/Y -       C->Y     F     MAJIxp5_ASAP7_75t_SL         2  2.5    62    25     271    (-,-) 
  addL/sub_6_75_Y_add_6_39_g883__7482/Y -       C->Y     R     MAJIxp5_ASAP7_75t_SL         2  2.5    77    38     309    (-,-) 
  addL/sub_6_75_Y_add_6_39_g880__1881/Y -       C->Y     F     MAJIxp5_ASAP7_75t_SL         2  2.5    62    27     336    (-,-) 
  addL/sub_6_75_Y_add_6_39_g878__6131/Y -       C->Y     R     MAJIxp5_ASAP7_75t_SL         2  2.1    70    34     371    (-,-) 
  addL/sub_6_75_Y_add_6_39_g875__8246/Y -       A->Y     F     MAJIxp5_ASAP7_75t_SL         2  2.1    58    29     399    (-,-) 
  addL/sub_6_75_Y_add_6_39_g873__5122/Y -       A->Y     R     MAJIxp5_ASAP7_75t_SL         2  2.1    70    36     436    (-,-) 
  addL/sub_6_75_Y_add_6_39_g870__2802/Y -       A->Y     F     MAJIxp5_ASAP7_75t_SL         2  2.1    58    29     464    (-,-) 
  addL/sub_6_75_Y_add_6_39_g868__1617/Y -       A->Y     R     MAJIxp5_ASAP7_75t_SL         2  2.1    70    36     501    (-,-) 
  addL/sub_6_75_Y_add_6_39_g865__6783/Y -       A->Y     F     MAJIxp5_ASAP7_75t_SL         2  2.1    58    29     530    (-,-) 
  addL/sub_6_75_Y_add_6_39_g863__5526/Y -       A->Y     R     MAJIxp5_ASAP7_75t_SL         2  2.1    70    36     566    (-,-) 
  addL/sub_6_75_Y_add_6_39_g860__4319/Y -       A->Y     F     MAJIxp5_ASAP7_75t_SL         2  2.1    58    29     595    (-,-) 
  addL/sub_6_75_Y_add_6_39_g858__6260/Y -       A->Y     R     MAJIxp5_ASAP7_75t_SL         2  2.1    70    36     631    (-,-) 
  addL/sub_6_75_Y_add_6_39_g855__2398/Y -       A->Y     F     MAJIxp5_ASAP7_75t_SL         2  2.1    58    29     660    (-,-) 
  addL/sub_6_75_Y_add_6_39_g853__5477/Y -       A->Y     R     MAJIxp5_ASAP7_75t_SL         2  2.1    70    36     696    (-,-) 
  addL/sub_6_75_Y_add_6_39_g850__7410/Y -       A->Y     F     MAJIxp5_ASAP7_75t_SL         2  1.9    90    27     723    (-,-) 
  addL/sub_6_75_Y_add_6_39_g849/Y       -       A->Y     R     INVxp67_ASAP7_75t_SL         1  0.9    39    23     746    (-,-) 
  addL/sub_6_75_Y_add_6_39_g847__1666/Y -       A->Y     F     MAJIxp5_ASAP7_75t_SL         2  1.9    90    24     770    (-,-) 
  addL/sub_6_75_Y_add_6_39_g846/Y       -       A->Y     R     INVxp67_ASAP7_75t_SL         1  0.9    39    23     793    (-,-) 
  addL/sub_6_75_Y_add_6_39_g844__2883/Y -       A->Y     F     MAJIxp5_ASAP7_75t_SL         2  1.9    90    24     817    (-,-) 
  addL/sub_6_75_Y_add_6_39_g843/Y       -       A->Y     R     INVxp67_ASAP7_75t_SL         1  0.9    39    23     840    (-,-) 
  addL/sub_6_75_Y_add_6_39_g841__9315/Y -       A->Y     F     MAJIxp5_ASAP7_75t_SL         2  1.9    90    24     864    (-,-) 
  addL/sub_6_75_Y_add_6_39_g840/Y       -       A->Y     R     INVxp67_ASAP7_75t_SL         1  0.9    39    23     887    (-,-) 
  addL/sub_6_75_Y_add_6_39_g838__4733/Y -       A->Y     F     MAJIxp5_ASAP7_75t_SL         2  1.9    90    24     911    (-,-) 
  addL/sub_6_75_Y_add_6_39_g837/Y       -       A->Y     R     INVxp67_ASAP7_75t_SL         1  0.9    39    23     934    (-,-) 
  addL/sub_6_75_Y_add_6_39_g835__5115/Y -       A->Y     F     MAJIxp5_ASAP7_75t_SL         2  1.9    90    24     957    (-,-) 
  addL/sub_6_75_Y_add_6_39_g834/Y       -       A->Y     R     INVxp67_ASAP7_75t_SL         1  0.9    39    23     980    (-,-) 
  addL/sub_6_75_Y_add_6_39_g832__6131/Y -       A->Y     F     MAJIxp5_ASAP7_75t_SL         2  1.9    90    24    1004    (-,-) 
  addL/sub_6_75_Y_add_6_39_g831/Y       -       A->Y     R     INVxp67_ASAP7_75t_SL         1  0.9    39    23    1027    (-,-) 
  addL/sub_6_75_Y_add_6_39_g829__8246/Y -       A->Y     F     MAJIxp5_ASAP7_75t_SL         1  1.3    82    20    1047    (-,-) 
  addL/sub_6_75_Y_add_6_39_g827__1705/Y -       B->Y     R     XNOR2xp5_ASAP7_75t_SL        2  1.6    61    37    1084    (-,-) 
  shiftL/g1827/Y                        -       A2->Y    F     AOI222xp33_ASAP7_75t_SL      1  0.9    65    21    1105    (-,-) 
  shiftL/tempreg_reg[38]/D              -       -        F     DFFLQNx1_ASAP7_75t_SL        1    -     -     0    1105    (-,-) 
#-------------------------------------------------------------------------------------------------------------------------------

(P) : Instance is preserved



Path 3: MET (15443 ps) Setup Check with Pin shiftR/tempreg_reg[39]/CLK->D
           View: PVT_0P63V_100C.setup_view
          Group: Sclk
     Startpoint: (R) Data_mem_R/mem_0_0/CE
          Clock: (R) Sclk
       Endpoint: (F) shiftR/tempreg_reg[39]/D
          Clock: (F) Sclk

                     Capture       Launch     
        Clock Edge:+   16667            0     
       Src Latency:+       0            0     
       Net Latency:+       0 (I)        0 (I) 
           Arrival:=   16667            0     
                                              
             Setup:-      22                  
       Uncertainty:-     100                  
     Required Time:=   16545                  
      Launch Clock:-       0                  
         Data Path:-    1102                  
             Slack:=   15443                  

#-----------------------------------------------------------------------------------------------------------------------------
#             Timing Point              Flags     Arc    Edge         Cell           Fanout Load Trans Delay Arrival Instance 
#                                                                                           (fF)  (ps)  (ps)   (ps)  Location 
#-----------------------------------------------------------------------------------------------------------------------------
  Data_mem_R/mem_0_0/CE                 -       -        R     (arrival)                354    -     0     -       0    (-,-) 
  Data_mem_R/mem_0_0/O[0]               (P)     CE->O[0] R     SRAM1RW256x8               1  0.8    13   129     129    (-,-) 
  Data_mem_R/g1509__5526/Y              -       B->Y     R     AND2x2_ASAP7_75t_SL        1  1.3    18    20     149    (-,-) 
  addR/sub_6_75_Y_add_6_39_g921__5107/Y -       A->Y     R     XOR2xp5_ASAP7_75t_SL       2  2.6    94    38     187    (-,-) 
  addR/sub_6_75_Y_add_6_39_g912__9315/Y -       B->Y     F     MAJIxp5_ASAP7_75t_SL       2  1.9    86    32     219    (-,-) 
  addR/sub_6_75_Y_add_6_39_g899/Y       -       A->Y     R     INVxp67_ASAP7_75t_SL       1  1.3    44    27     246    (-,-) 
  addR/sub_6_75_Y_add_6_39_g886__2346/Y -       C->Y     F     MAJIxp5_ASAP7_75t_SL       2  2.5    62    25     271    (-,-) 
  addR/sub_6_75_Y_add_6_39_g883__9315/Y -       C->Y     R     MAJIxp5_ASAP7_75t_SL       2  2.5    77    38     309    (-,-) 
  addR/sub_6_75_Y_add_6_39_g880__4733/Y -       C->Y     F     MAJIxp5_ASAP7_75t_SL       2  2.5    62    27     336    (-,-) 
  addR/sub_6_75_Y_add_6_39_g878__7482/Y -       C->Y     R     MAJIxp5_ASAP7_75t_SL       2  2.1    70    34     371    (-,-) 
  addR/sub_6_75_Y_add_6_39_g875__1881/Y -       A->Y     F     MAJIxp5_ASAP7_75t_SL       2  2.1    58    29     399    (-,-) 
  addR/sub_6_75_Y_add_6_39_g873__6131/Y -       A->Y     R     MAJIxp5_ASAP7_75t_SL       2  2.1    70    36     436    (-,-) 
  addR/sub_6_75_Y_add_6_39_g870__8246/Y -       A->Y     F     MAJIxp5_ASAP7_75t_SL       2  2.1    58    29     464    (-,-) 
  addR/sub_6_75_Y_add_6_39_g868__5122/Y -       A->Y     R     MAJIxp5_ASAP7_75t_SL       2  2.1    70    36     501    (-,-) 
  addR/sub_6_75_Y_add_6_39_g865__2802/Y -       A->Y     F     MAJIxp5_ASAP7_75t_SL       2  2.1    58    29     530    (-,-) 
  addR/sub_6_75_Y_add_6_39_g863__1617/Y -       A->Y     R     MAJIxp5_ASAP7_75t_SL       2  2.1    70    36     566    (-,-) 
  addR/sub_6_75_Y_add_6_39_g860__6783/Y -       A->Y     F     MAJIxp5_ASAP7_75t_SL       2  2.1    58    29     595    (-,-) 
  addR/sub_6_75_Y_add_6_39_g858__5526/Y -       A->Y     R     MAJIxp5_ASAP7_75t_SL       2  2.1    70    36     631    (-,-) 
  addR/sub_6_75_Y_add_6_39_g855__4319/Y -       A->Y     F     MAJIxp5_ASAP7_75t_SL       2  2.1    58    29     660    (-,-) 
  addR/sub_6_75_Y_add_6_39_g853__6260/Y -       A->Y     R     MAJIxp5_ASAP7_75t_SL       2  2.1    70    36     696    (-,-) 
  addR/sub_6_75_Y_add_6_39_g850__2398/Y -       A->Y     F     MAJIxp5_ASAP7_75t_SL       2  1.9    90    27     723    (-,-) 
  addR/sub_6_75_Y_add_6_39_g849/Y       -       A->Y     R     INVxp67_ASAP7_75t_SL       1  0.9    39    23     746    (-,-) 
  addR/sub_6_75_Y_add_6_39_g847__5477/Y -       A->Y     F     MAJIxp5_ASAP7_75t_SL       2  1.9    90    24     770    (-,-) 
  addR/sub_6_75_Y_add_6_39_g846/Y       -       A->Y     R     INVxp67_ASAP7_75t_SL       1  0.9    39    23     793    (-,-) 
  addR/sub_6_75_Y_add_6_39_g844__7410/Y -       A->Y     F     MAJIxp5_ASAP7_75t_SL       2  1.9    90    24     817    (-,-) 
  addR/sub_6_75_Y_add_6_39_g843/Y       -       A->Y     R     INVxp67_ASAP7_75t_SL       1  0.9    39    23     840    (-,-) 
  addR/sub_6_75_Y_add_6_39_g841__2346/Y -       A->Y     F     MAJIxp5_ASAP7_75t_SL       2  1.9    90    24     864    (-,-) 
  addR/sub_6_75_Y_add_6_39_g840/Y       -       A->Y     R     INVxp67_ASAP7_75t_SL       1  0.9    39    23     887    (-,-) 
  addR/sub_6_75_Y_add_6_39_g838__9945/Y -       A->Y     F     MAJIxp5_ASAP7_75t_SL       2  1.9    90    24     911    (-,-) 
  addR/sub_6_75_Y_add_6_39_g837/Y       -       A->Y     R     INVxp67_ASAP7_75t_SL       1  0.9    39    23     934    (-,-) 
  addR/sub_6_75_Y_add_6_39_g835__6161/Y -       A->Y     F     MAJIxp5_ASAP7_75t_SL       2  1.9    90    24     957    (-,-) 
  addR/sub_6_75_Y_add_6_39_g834/Y       -       A->Y     R     INVxp67_ASAP7_75t_SL       1  0.9    39    23     980    (-,-) 
  addR/sub_6_75_Y_add_6_39_g832__7482/Y -       A->Y     F     MAJIxp5_ASAP7_75t_SL       2  1.9    90    24    1004    (-,-) 
  addR/sub_6_75_Y_add_6_39_g831/Y       -       A->Y     R     INVxp67_ASAP7_75t_SL       1  0.9    39    23    1027    (-,-) 
  addR/sub_6_75_Y_add_6_39_g829__1881/Y -       A->Y     F     MAJIxp5_ASAP7_75t_SL       1  1.3    82    20    1047    (-,-) 
  addR/sub_6_75_Y_add_6_39_g827__7098/Y -       B->Y     R     XNOR2xp5_ASAP7_75t_SL      2  1.6    61    37    1084    (-,-) 
  shiftR/g1865/Y                        -       B2->Y    F     AOI22xp5_ASAP7_75t_SL      1  0.9    75    17    1102    (-,-) 
  shiftR/tempreg_reg[39]/D              -       -        F     DFFLQNx1_ASAP7_75t_SL      1    -     -     0    1102    (-,-) 
#-----------------------------------------------------------------------------------------------------------------------------

(P) : Instance is preserved


