###############################################################
#  Generated by:      Cadence Innovus 19.11-s128_1
#  OS:                Linux x86_64(Host ID engnx04a.utdallas.edu)
#  Generated on:      Sat May  3 15:05:23 2025
#  Design:            MSDAP
#  Command:           report_timing -late -max_paths 3 > reports/setup.rpt
###############################################################
Path 1: MET (15040.021 ps) Setup Check with Pin shiftL/tempreg_reg[38]/CLK->D
               View: PVT_0P63V_100C.setup_view
              Group: Sclk
         Startpoint: (R) Data_mem_L/mem_0_0/CE
              Clock: (R) Sclk
           Endpoint: (F) shiftL/tempreg_reg[38]/D
              Clock: (F) Sclk

                         Capture       Launch
         Clock Edge:+  16666.650        0.000
        Src Latency:+    -85.455      -78.947
        Net Latency:+     78.401 (P)   70.700 (P)
            Arrival:=  16659.596       -8.247

              Setup:-      7.322
        Uncertainty:-    100.000
        Cppr Adjust:+      0.000
      Required Time:=  16552.273
       Launch Clock:=     -8.247
          Data Path:+   1520.499
              Slack:=  15040.021
     +--------------------------------------------------------------------------------------------------------------------------------------+ 
     |               Timing Point                | Flags |   Arc    | Edge |          Cell           | Fanout |  Trans |  Delay  |  Arrival | 
     |                                           |       |          |      |                         |        |  (ps)  |  (ps)   |   (ps)   | 
     |-------------------------------------------+-------+----------+------+-------------------------+--------+--------+---------+----------| 
     | Data_mem_L/mem_0_0/CE                     |       | CE       |  R   | (arrival)               |      1 | 20.300 |         |   -8.234 | 
     | Data_mem_L/mem_0_0/O[0]                   |       | CE->O[0] |  R   | SRAM1RW256x8            |      1 | 20.300 | 175.100 |  166.866 | 
     | Data_mem_L/g1509__5477/Y                  |       | B->Y     |  R   | AND2x2_ASAP7_75t_SL     |      1 | 19.600 |  19.900 |  186.766 | 
     | addL/sub_6_75_Y_add_6_39_g921__6417/Y     |       | A->Y     |  R   | XOR2xp5_ASAP7_75t_SL    |      2 | 21.100 |  36.500 |  223.266 | 
     | addL/sub_6_75_Y_add_6_39_g912__7482/Y     |       | B->Y     |  F   | MAJIxp5_ASAP7_75t_SL    |      1 | 88.600 |  20.800 |  244.065 | 
     | addL/FE_PHC264_sub_6_75_Y_add_6_39_n_43/Y |       | A->Y     |  F   | HB4xp67_ASAP7_75t_SRAM  |      2 | 64.200 | 166.200 |  410.265 | 
     | addL/sub_6_75_Y_add_6_39_g899/Y           |       | A->Y     |  R   | INVxp67_ASAP7_75t_SL    |      1 | 62.400 |  21.400 |  431.664 | 
     | addL/sub_6_75_Y_add_6_39_g886__9315/Y     |       | C->Y     |  F   | MAJIxp5_ASAP7_75t_SL    |      2 | 34.100 |  21.600 |  453.264 | 
     | addL/sub_6_75_Y_add_6_39_g883__7482/Y     |       | C->Y     |  R   | MAJIxp5_ASAP7_75t_SL    |      2 | 55.400 |  33.000 |  486.264 | 
     | addL/sub_6_75_Y_add_6_39_g880__1881/Y     |       | C->Y     |  F   | MAJIxp5_ASAP7_75t_SL    |      2 | 67.200 |  24.100 |  510.363 | 
     | addL/sub_6_75_Y_add_6_39_g878__6131/Y     |       | C->Y     |  R   | MAJIxp5_ASAP7_75t_SL    |      2 | 56.000 |  30.400 |  540.763 | 
     | addL/sub_6_75_Y_add_6_39_g875__8246/Y     |       | A->Y     |  F   | MAJIxp5_ASAP7_75t_SL    |      2 | 62.300 |  25.200 |  565.962 | 
     | addL/sub_6_75_Y_add_6_39_g873__5122/Y     |       | A->Y     |  R   | MAJIxp5_ASAP7_75t_SL    |      2 | 51.400 |  32.200 |  598.161 | 
     | addL/sub_6_75_Y_add_6_39_g870__2802/Y     |       | A->Y     |  F   | MAJIxp5_ASAP7_75t_SL    |      2 | 62.600 |  25.300 |  623.461 | 
     | addL/sub_6_75_Y_add_6_39_g868__1617/Y     |       | A->Y     |  R   | MAJIxp5_ASAP7_75t_SL    |      2 | 51.100 |  32.100 |  655.561 | 
     | addL/sub_6_75_Y_add_6_39_g865__6783/Y     |       | A->Y     |  F   | MAJIxp5_ASAP7_75t_SL    |      2 | 61.800 |  25.500 |  681.061 | 
     | addL/sub_6_75_Y_add_6_39_g863__5526/Y     |       | A->Y     |  R   | MAJIxp5_ASAP7_75t_SL    |      2 | 53.100 |  32.800 |  713.860 | 
     | addL/sub_6_75_Y_add_6_39_g860__4319/Y     |       | A->Y     |  F   | MAJIxp5_ASAP7_75t_SL    |      2 | 63.600 |  25.800 |  739.660 | 
     | addL/sub_6_75_Y_add_6_39_g858__6260/Y     |       | A->Y     |  R   | MAJIxp5_ASAP7_75t_SL    |      2 | 52.500 |  32.500 |  772.160 | 
     | addL/sub_6_75_Y_add_6_39_g855__2398/Y     |       | A->Y     |  F   | MAJIxp5_ASAP7_75t_SL    |      2 | 62.100 |  25.700 |  797.859 | 
     | addL/sub_6_75_Y_add_6_39_g853__5477/Y     |       | A->Y     |  R   | MAJIxp5_ASAP7_75t_SL    |      2 | 51.600 |  31.900 |  829.759 | 
     | addL/sub_6_75_Y_add_6_39_g850__7410/Y     |       | A->Y     |  F   | MAJIxp5_ASAP7_75t_SL    |      2 | 61.100 |  23.900 |  853.658 | 
     | addL/sub_6_75_Y_add_6_39_g849/Y           |       | A->Y     |  R   | INVxp67_ASAP7_75t_SL    |      1 | 79.200 |  19.400 |  873.059 | 
     | addL/sub_6_75_Y_add_6_39_g847__1666/Y     |       | A->Y     |  F   | MAJIxp5_ASAP7_75t_SL    |      2 | 32.800 |  20.200 |  893.258 | 
     | addL/sub_6_75_Y_add_6_39_g846/Y           |       | A->Y     |  R   | INVxp67_ASAP7_75t_SL    |      1 | 78.700 |  19.300 |  912.558 | 
     | addL/sub_6_75_Y_add_6_39_g844__2883/Y     |       | A->Y     |  F   | MAJIxp5_ASAP7_75t_SL    |      2 | 32.700 |  20.400 |  932.957 | 
     | addL/sub_6_75_Y_add_6_39_g843/Y           |       | A->Y     |  R   | INVxp67_ASAP7_75t_SL    |      1 | 79.000 |  19.300 |  952.257 | 
     | addL/sub_6_75_Y_add_6_39_g841__9315/Y     |       | A->Y     |  F   | MAJIxp5_ASAP7_75t_SL    |      2 | 32.700 |  20.500 |  972.757 | 
     | addL/sub_6_75_Y_add_6_39_g840/Y           |       | A->Y     |  R   | INVxp67_ASAP7_75t_SL    |      1 | 79.200 |  19.300 |  992.057 | 
     | addL/sub_6_75_Y_add_6_39_g838__4733/Y     |       | A->Y     |  F   | MAJIxp5_ASAP7_75t_SL    |      2 | 32.600 |  20.400 | 1012.456 | 
     | addL/sub_6_75_Y_add_6_39_g837/Y           |       | A->Y     |  R   | INVxp67_ASAP7_75t_SL    |      1 | 79.000 |  19.100 | 1031.556 | 
     | addL/sub_6_75_Y_add_6_39_g835__5115/Y     |       | A->Y     |  F   | MAJIxp5_ASAP7_75t_SL    |      2 | 32.400 |  20.400 | 1051.955 | 
     | addL/sub_6_75_Y_add_6_39_g834/Y           |       | A->Y     |  R   | INVxp67_ASAP7_75t_SL    |      1 | 79.200 |  19.300 | 1071.255 | 
     | addL/sub_6_75_Y_add_6_39_g832__6131/Y     |       | A->Y     |  F   | MAJIxp5_ASAP7_75t_SL    |      2 | 32.700 |  20.200 | 1091.454 | 
     | addL/sub_6_75_Y_add_6_39_g828__5122/Y     |       | B->Y     |  R   | XNOR2xp5_ASAP7_75t_SL   |      1 | 78.700 |  27.600 | 1119.054 | 
     | FE_PHC347_sum_L_38/Y                      |       | A->Y     |  R   | HB4xp67_ASAP7_75t_SRAM  |      2 | 45.100 | 127.300 | 1246.354 | 
     | shiftL/g1827/Y                            |       | C2->Y    |  F   | AOI222xp33_ASAP7_75t_SL |      1 | 51.400 |  23.100 | 1269.453 | 
     | shiftL/FE_PHC819_n_45/Y                   |       | A->Y     |  F   | HB3xp67_ASAP7_75t_R     |      1 | 96.000 | 104.100 | 1373.553 | 
     | shiftL/FE_PHC462_n_45/Y                   |       | A->Y     |  F   | HB4xp67_ASAP7_75t_SRAM  |      1 | 30.100 | 138.700 | 1512.252 | 
     | shiftL/tempreg_reg[38]/D                  |       | D        |  F   | DFFLQNx1_ASAP7_75t_SL   |      1 | 44.700 |   0.000 | 1512.252 | 
     +--------------------------------------------------------------------------------------------------------------------------------------+ 
Path 2: MET (15104.538 ps) Setup Check with Pin shiftL/tempreg_reg[37]/CLK->D
               View: PVT_0P63V_100C.setup_view
              Group: Sclk
         Startpoint: (R) Data_mem_L/mem_0_0/CE
              Clock: (R) Sclk
           Endpoint: (F) shiftL/tempreg_reg[37]/D
              Clock: (F) Sclk

                         Capture       Launch
         Clock Edge:+  16666.650        0.000
        Src Latency:+    -85.455      -78.947
        Net Latency:+     65.901 (P)   70.700 (P)
            Arrival:=  16647.096       -8.247

              Setup:-      8.205
        Uncertainty:-    100.000
        Cppr Adjust:+      0.000
      Required Time:=  16538.891
       Launch Clock:=     -8.247
          Data Path:+   1442.600
              Slack:=  15104.538
     +--------------------------------------------------------------------------------------------------------------------------------------+ 
     |               Timing Point                | Flags |   Arc    | Edge |          Cell           | Fanout |  Trans |  Delay  |  Arrival | 
     |                                           |       |          |      |                         |        |  (ps)  |  (ps)   |   (ps)   | 
     |-------------------------------------------+-------+----------+------+-------------------------+--------+--------+---------+----------| 
     | Data_mem_L/mem_0_0/CE                     |       | CE       |  R   | (arrival)               |      1 | 20.300 |         |   -8.234 | 
     | Data_mem_L/mem_0_0/O[0]                   |       | CE->O[0] |  R   | SRAM1RW256x8            |      1 | 20.300 | 175.100 |  166.866 | 
     | Data_mem_L/g1509__5477/Y                  |       | B->Y     |  R   | AND2x2_ASAP7_75t_SL     |      1 | 19.600 |  19.900 |  186.766 | 
     | addL/sub_6_75_Y_add_6_39_g921__6417/Y     |       | A->Y     |  R   | XOR2xp5_ASAP7_75t_SL    |      2 | 21.100 |  36.500 |  223.266 | 
     | addL/sub_6_75_Y_add_6_39_g912__7482/Y     |       | B->Y     |  F   | MAJIxp5_ASAP7_75t_SL    |      1 | 88.600 |  20.800 |  244.065 | 
     | addL/FE_PHC264_sub_6_75_Y_add_6_39_n_43/Y |       | A->Y     |  F   | HB4xp67_ASAP7_75t_SRAM  |      2 | 64.200 | 166.200 |  410.265 | 
     | addL/sub_6_75_Y_add_6_39_g899/Y           |       | A->Y     |  R   | INVxp67_ASAP7_75t_SL    |      1 | 62.400 |  21.400 |  431.664 | 
     | addL/sub_6_75_Y_add_6_39_g886__9315/Y     |       | C->Y     |  F   | MAJIxp5_ASAP7_75t_SL    |      2 | 34.100 |  21.600 |  453.264 | 
     | addL/sub_6_75_Y_add_6_39_g883__7482/Y     |       | C->Y     |  R   | MAJIxp5_ASAP7_75t_SL    |      2 | 55.400 |  33.000 |  486.264 | 
     | addL/sub_6_75_Y_add_6_39_g880__1881/Y     |       | C->Y     |  F   | MAJIxp5_ASAP7_75t_SL    |      2 | 67.200 |  24.100 |  510.363 | 
     | addL/sub_6_75_Y_add_6_39_g878__6131/Y     |       | C->Y     |  R   | MAJIxp5_ASAP7_75t_SL    |      2 | 56.000 |  30.400 |  540.763 | 
     | addL/sub_6_75_Y_add_6_39_g875__8246/Y     |       | A->Y     |  F   | MAJIxp5_ASAP7_75t_SL    |      2 | 62.300 |  25.200 |  565.962 | 
     | addL/sub_6_75_Y_add_6_39_g873__5122/Y     |       | A->Y     |  R   | MAJIxp5_ASAP7_75t_SL    |      2 | 51.400 |  32.200 |  598.161 | 
     | addL/sub_6_75_Y_add_6_39_g870__2802/Y     |       | A->Y     |  F   | MAJIxp5_ASAP7_75t_SL    |      2 | 62.600 |  25.300 |  623.461 | 
     | addL/sub_6_75_Y_add_6_39_g868__1617/Y     |       | A->Y     |  R   | MAJIxp5_ASAP7_75t_SL    |      2 | 51.100 |  32.100 |  655.561 | 
     | addL/sub_6_75_Y_add_6_39_g865__6783/Y     |       | A->Y     |  F   | MAJIxp5_ASAP7_75t_SL    |      2 | 61.800 |  25.500 |  681.061 | 
     | addL/sub_6_75_Y_add_6_39_g863__5526/Y     |       | A->Y     |  R   | MAJIxp5_ASAP7_75t_SL    |      2 | 53.100 |  32.800 |  713.860 | 
     | addL/sub_6_75_Y_add_6_39_g860__4319/Y     |       | A->Y     |  F   | MAJIxp5_ASAP7_75t_SL    |      2 | 63.600 |  25.800 |  739.660 | 
     | addL/sub_6_75_Y_add_6_39_g858__6260/Y     |       | A->Y     |  R   | MAJIxp5_ASAP7_75t_SL    |      2 | 52.500 |  32.500 |  772.160 | 
     | addL/sub_6_75_Y_add_6_39_g855__2398/Y     |       | A->Y     |  F   | MAJIxp5_ASAP7_75t_SL    |      2 | 62.100 |  25.700 |  797.859 | 
     | addL/sub_6_75_Y_add_6_39_g853__5477/Y     |       | A->Y     |  R   | MAJIxp5_ASAP7_75t_SL    |      2 | 51.600 |  31.900 |  829.759 | 
     | addL/sub_6_75_Y_add_6_39_g850__7410/Y     |       | A->Y     |  F   | MAJIxp5_ASAP7_75t_SL    |      2 | 61.100 |  23.900 |  853.658 | 
     | addL/sub_6_75_Y_add_6_39_g849/Y           |       | A->Y     |  R   | INVxp67_ASAP7_75t_SL    |      1 | 79.200 |  19.400 |  873.059 | 
     | addL/sub_6_75_Y_add_6_39_g847__1666/Y     |       | A->Y     |  F   | MAJIxp5_ASAP7_75t_SL    |      2 | 32.800 |  20.200 |  893.258 | 
     | addL/sub_6_75_Y_add_6_39_g846/Y           |       | A->Y     |  R   | INVxp67_ASAP7_75t_SL    |      1 | 78.700 |  19.300 |  912.558 | 
     | addL/sub_6_75_Y_add_6_39_g844__2883/Y     |       | A->Y     |  F   | MAJIxp5_ASAP7_75t_SL    |      2 | 32.700 |  20.400 |  932.957 | 
     | addL/sub_6_75_Y_add_6_39_g843/Y           |       | A->Y     |  R   | INVxp67_ASAP7_75t_SL    |      1 | 79.000 |  19.300 |  952.257 | 
     | addL/sub_6_75_Y_add_6_39_g841__9315/Y     |       | A->Y     |  F   | MAJIxp5_ASAP7_75t_SL    |      2 | 32.700 |  20.500 |  972.757 | 
     | addL/sub_6_75_Y_add_6_39_g840/Y           |       | A->Y     |  R   | INVxp67_ASAP7_75t_SL    |      1 | 79.200 |  19.300 |  992.057 | 
     | addL/sub_6_75_Y_add_6_39_g838__4733/Y     |       | A->Y     |  F   | MAJIxp5_ASAP7_75t_SL    |      2 | 32.600 |  20.400 | 1012.456 | 
     | addL/sub_6_75_Y_add_6_39_g837/Y           |       | A->Y     |  R   | INVxp67_ASAP7_75t_SL    |      1 | 79.000 |  19.100 | 1031.556 | 
     | addL/sub_6_75_Y_add_6_39_g835__5115/Y     |       | A->Y     |  F   | MAJIxp5_ASAP7_75t_SL    |      2 | 32.400 |  20.400 | 1051.955 | 
     | addL/sub_6_75_Y_add_6_39_g834/Y           |       | A->Y     |  R   | INVxp67_ASAP7_75t_SL    |      1 | 79.200 |  19.300 | 1071.255 | 
     | addL/sub_6_75_Y_add_6_39_g832__6131/Y     |       | A->Y     |  F   | MAJIxp5_ASAP7_75t_SL    |      2 | 32.700 |  20.200 | 1091.454 | 
     | addL/sub_6_75_Y_add_6_39_g828__5122/Y     |       | B->Y     |  R   | XNOR2xp5_ASAP7_75t_SL   |      1 | 78.700 |  27.600 | 1119.054 | 
     | FE_PHC347_sum_L_38/Y                      |       | A->Y     |  R   | HB4xp67_ASAP7_75t_SRAM  |      2 | 45.100 | 127.300 | 1246.354 | 
     | shiftL/g1826/Y                            |       | C2->Y    |  F   | AOI222xp33_ASAP7_75t_SL |      1 | 51.400 |  23.300 | 1269.653 | 
     | shiftL/FE_PHC461_n_46/Y                   |       | A->Y     |  F   | HB4xp67_ASAP7_75t_SRAM  |      1 | 96.400 | 164.700 | 1434.353 | 
     | shiftL/tempreg_reg[37]/D                  |       | D        |  F   | DFFLQNx1_ASAP7_75t_SL   |      1 | 45.000 |   0.000 | 1434.353 | 
     +--------------------------------------------------------------------------------------------------------------------------------------+ 
Path 3: MET (15108.891 ps) Setup Check with Pin shiftL/tempreg_reg[39]/CLK->D
               View: PVT_0P63V_100C.setup_view
              Group: Sclk
         Startpoint: (R) Data_mem_L/mem_0_0/CE
              Clock: (R) Sclk
           Endpoint: (F) shiftL/tempreg_reg[39]/D
              Clock: (F) Sclk

                         Capture       Launch
         Clock Edge:+  16666.650        0.000
        Src Latency:+    -85.455      -78.947
        Net Latency:+     78.301 (P)   70.700 (P)
            Arrival:=  16659.496       -8.247

              Setup:-      7.354
        Uncertainty:-    100.000
        Cppr Adjust:+      0.000
      Required Time:=  16552.143
       Launch Clock:=     -8.247
          Data Path:+   1451.499
              Slack:=  15108.891
     +-------------------------------------------------------------------------------------------------------------------------------------+ 
     |               Timing Point                | Flags |   Arc    | Edge |          Cell          | Fanout |  Trans |  Delay  |  Arrival | 
     |                                           |       |          |      |                        |        |  (ps)  |  (ps)   |   (ps)   | 
     |-------------------------------------------+-------+----------+------+------------------------+--------+--------+---------+----------| 
     | Data_mem_L/mem_0_0/CE                     |       | CE       |  R   | (arrival)              |      1 | 20.300 |         |   -8.233 | 
     | Data_mem_L/mem_0_0/O[0]                   |       | CE->O[0] |  R   | SRAM1RW256x8           |      1 | 20.300 | 175.100 |  166.867 | 
     | Data_mem_L/g1509__5477/Y                  |       | B->Y     |  R   | AND2x2_ASAP7_75t_SL    |      1 | 19.600 |  19.900 |  186.767 | 
     | addL/sub_6_75_Y_add_6_39_g921__6417/Y     |       | A->Y     |  R   | XOR2xp5_ASAP7_75t_SL   |      2 | 21.100 |  36.500 |  223.267 | 
     | addL/sub_6_75_Y_add_6_39_g912__7482/Y     |       | B->Y     |  F   | MAJIxp5_ASAP7_75t_SL   |      1 | 88.600 |  20.800 |  244.066 | 
     | addL/FE_PHC264_sub_6_75_Y_add_6_39_n_43/Y |       | A->Y     |  F   | HB4xp67_ASAP7_75t_SRAM |      2 | 64.200 | 166.200 |  410.266 | 
     | addL/sub_6_75_Y_add_6_39_g899/Y           |       | A->Y     |  R   | INVxp67_ASAP7_75t_SL   |      1 | 62.400 |  21.400 |  431.665 | 
     | addL/sub_6_75_Y_add_6_39_g886__9315/Y     |       | C->Y     |  F   | MAJIxp5_ASAP7_75t_SL   |      2 | 34.100 |  21.600 |  453.265 | 
     | addL/sub_6_75_Y_add_6_39_g883__7482/Y     |       | C->Y     |  R   | MAJIxp5_ASAP7_75t_SL   |      2 | 55.400 |  33.000 |  486.265 | 
     | addL/sub_6_75_Y_add_6_39_g880__1881/Y     |       | C->Y     |  F   | MAJIxp5_ASAP7_75t_SL   |      2 | 67.200 |  24.100 |  510.364 | 
     | addL/sub_6_75_Y_add_6_39_g878__6131/Y     |       | C->Y     |  R   | MAJIxp5_ASAP7_75t_SL   |      2 | 56.000 |  30.400 |  540.764 | 
     | addL/sub_6_75_Y_add_6_39_g875__8246/Y     |       | A->Y     |  F   | MAJIxp5_ASAP7_75t_SL   |      2 | 62.300 |  25.200 |  565.963 | 
     | addL/sub_6_75_Y_add_6_39_g873__5122/Y     |       | A->Y     |  R   | MAJIxp5_ASAP7_75t_SL   |      2 | 51.400 |  32.200 |  598.162 | 
     | addL/sub_6_75_Y_add_6_39_g870__2802/Y     |       | A->Y     |  F   | MAJIxp5_ASAP7_75t_SL   |      2 | 62.600 |  25.300 |  623.462 | 
     | addL/sub_6_75_Y_add_6_39_g868__1617/Y     |       | A->Y     |  R   | MAJIxp5_ASAP7_75t_SL   |      2 | 51.100 |  32.100 |  655.562 | 
     | addL/sub_6_75_Y_add_6_39_g865__6783/Y     |       | A->Y     |  F   | MAJIxp5_ASAP7_75t_SL   |      2 | 61.800 |  25.500 |  681.062 | 
     | addL/sub_6_75_Y_add_6_39_g863__5526/Y     |       | A->Y     |  R   | MAJIxp5_ASAP7_75t_SL   |      2 | 53.100 |  32.800 |  713.861 | 
     | addL/sub_6_75_Y_add_6_39_g860__4319/Y     |       | A->Y     |  F   | MAJIxp5_ASAP7_75t_SL   |      2 | 63.600 |  25.800 |  739.661 | 
     | addL/sub_6_75_Y_add_6_39_g858__6260/Y     |       | A->Y     |  R   | MAJIxp5_ASAP7_75t_SL   |      2 | 52.500 |  32.500 |  772.161 | 
     | addL/sub_6_75_Y_add_6_39_g855__2398/Y     |       | A->Y     |  F   | MAJIxp5_ASAP7_75t_SL   |      2 | 62.100 |  25.700 |  797.860 | 
     | addL/sub_6_75_Y_add_6_39_g853__5477/Y     |       | A->Y     |  R   | MAJIxp5_ASAP7_75t_SL   |      2 | 51.600 |  31.900 |  829.760 | 
     | addL/sub_6_75_Y_add_6_39_g850__7410/Y     |       | A->Y     |  F   | MAJIxp5_ASAP7_75t_SL   |      2 | 61.100 |  23.900 |  853.659 | 
     | addL/sub_6_75_Y_add_6_39_g849/Y           |       | A->Y     |  R   | INVxp67_ASAP7_75t_SL   |      1 | 79.200 |  19.400 |  873.060 | 
     | addL/sub_6_75_Y_add_6_39_g847__1666/Y     |       | A->Y     |  F   | MAJIxp5_ASAP7_75t_SL   |      2 | 32.800 |  20.200 |  893.259 | 
     | addL/sub_6_75_Y_add_6_39_g846/Y           |       | A->Y     |  R   | INVxp67_ASAP7_75t_SL   |      1 | 78.700 |  19.300 |  912.559 | 
     | addL/sub_6_75_Y_add_6_39_g844__2883/Y     |       | A->Y     |  F   | MAJIxp5_ASAP7_75t_SL   |      2 | 32.700 |  20.400 |  932.958 | 
     | addL/sub_6_75_Y_add_6_39_g843/Y           |       | A->Y     |  R   | INVxp67_ASAP7_75t_SL   |      1 | 79.000 |  19.300 |  952.258 | 
     | addL/sub_6_75_Y_add_6_39_g841__9315/Y     |       | A->Y     |  F   | MAJIxp5_ASAP7_75t_SL   |      2 | 32.700 |  20.500 |  972.758 | 
     | addL/sub_6_75_Y_add_6_39_g840/Y           |       | A->Y     |  R   | INVxp67_ASAP7_75t_SL   |      1 | 79.200 |  19.300 |  992.058 | 
     | addL/sub_6_75_Y_add_6_39_g838__4733/Y     |       | A->Y     |  F   | MAJIxp5_ASAP7_75t_SL   |      2 | 32.600 |  20.400 | 1012.457 | 
     | addL/sub_6_75_Y_add_6_39_g837/Y           |       | A->Y     |  R   | INVxp67_ASAP7_75t_SL   |      1 | 79.000 |  19.100 | 1031.557 | 
     | addL/sub_6_75_Y_add_6_39_g835__5115/Y     |       | A->Y     |  F   | MAJIxp5_ASAP7_75t_SL   |      2 | 32.400 |  20.400 | 1051.956 | 
     | addL/sub_6_75_Y_add_6_39_g834/Y           |       | A->Y     |  R   | INVxp67_ASAP7_75t_SL   |      1 | 79.200 |  19.300 | 1071.256 | 
     | addL/sub_6_75_Y_add_6_39_g832__6131/Y     |       | A->Y     |  F   | MAJIxp5_ASAP7_75t_SL   |      2 | 32.700 |  20.200 | 1091.455 | 
     | addL/sub_6_75_Y_add_6_39_g831/Y           |       | A->Y     |  R   | INVxp67_ASAP7_75t_SL   |      1 | 78.700 |  19.600 | 1111.055 | 
     | addL/sub_6_75_Y_add_6_39_g829__8246/Y     |       | A->Y     |  F   | MAJIxp5_ASAP7_75t_SL   |      1 | 32.900 |  17.100 | 1128.154 | 
     | addL/sub_6_75_Y_add_6_39_g827__1705/Y     |       | B->Y     |  R   | XNOR2xp5_ASAP7_75t_SL  |      2 | 72.500 |  31.900 | 1160.054 | 
     | shiftL/g1865/Y                            |       | B2->Y    |  F   | AOI22xp5_ASAP7_75t_SL  |      1 | 52.200 |  15.100 | 1175.153 | 
     | shiftL/FE_PHC801_n_8/Y                    |       | A->Y     |  F   | HB3xp67_ASAP7_75t_SRAM |      1 | 82.100 | 126.400 | 1301.553 | 
     | shiftL/FE_PHC430_n_8/Y                    |       | A->Y     |  F   | HB4xp67_ASAP7_75t_SRAM |      1 | 37.800 | 141.700 | 1443.252 | 
     | shiftL/tempreg_reg[39]/D                  |       | D        |  F   | DFFLQNx1_ASAP7_75t_SL  |      1 | 44.900 |   0.000 | 1443.252 | 
     +-------------------------------------------------------------------------------------------------------------------------------------+ 

